
  .   ____          _            __ _ _
 /\\ / ___'_ __ _ _(_)_ __  __ _ \ \ \ \
( ( )\___ | '_ | '_| | '_ \/ _` | \ \ \ \
 \\/  ___)| |_)| | | | | || (_| |  ) ) ) )
  '  |____| .__|_| |_|_| |_\__, | / / / /
 =========|_|==============|___/=/_/_/_/
 :: Spring Boot ::        (v2.2.2.RELEASE)

2020-01-26 17:30:34.890  INFO 8428 --- [           main] c.e.realworld.RealworldApplication       : Starting RealworldApplication v0.0.1-SNAPSHOT on diego-550XBE-350XBE with PID 8428 (/home/diego/dev-projects/vertx-springboot-realworld-example-app/target/vertx-springboot-realworld-example-app.jar started by diego in /home/diego/dev-projects/vertx-springboot-realworld-example-app)
2020-01-26 17:30:34.892  INFO 8428 --- [           main] c.e.realworld.RealworldApplication       : No active profile set, falling back to default profiles: default
2020-01-26 17:30:36.378  INFO 8428 --- [ntloop-thread-0] c.e.r.i.vertx.verticle.HttpVerticle      : HttpVerticle started on port 8080
2020-01-26 17:30:36.450  INFO 8428 --- [           main] o.f.c.internal.license.VersionPrinter    : Flyway Community Edition 6.0.8 by Redgate
2020-01-26 17:30:36.457  INFO 8428 --- [           main] com.zaxxer.hikari.HikariDataSource       : HikariPool-1 - Starting...
2020-01-26 17:30:36.657  INFO 8428 --- [           main] com.zaxxer.hikari.HikariDataSource       : HikariPool-1 - Start completed.
2020-01-26 17:30:36.680  INFO 8428 --- [           main] o.f.c.internal.database.DatabaseFactory  : Database: jdbc:h2:mem:testdb (H2 1.4)
2020-01-26 17:30:36.748  INFO 8428 --- [           main] o.f.core.internal.command.DbValidate     : Successfully validated 1 migration (execution time 00:00.026s)
2020-01-26 17:30:36.767  INFO 8428 --- [           main] o.f.c.i.s.JdbcTableSchemaHistory         : Creating Schema History table "PUBLIC"."flyway_schema_history" ...
2020-01-26 17:30:36.804  INFO 8428 --- [           main] o.f.core.internal.command.DbMigrate      : Current version of schema "PUBLIC": << Empty Schema >>
2020-01-26 17:30:36.812  INFO 8428 --- [           main] o.f.core.internal.command.DbMigrate      : Migrating schema "PUBLIC" to version 1 - schema
2020-01-26 17:30:36.854  INFO 8428 --- [           main] o.f.core.internal.command.DbMigrate      : Successfully applied 1 migration to schema "PUBLIC" (execution time 00:00.058s)
2020-01-26 17:30:36.945  INFO 8428 --- [           main] c.e.realworld.RealworldApplication       : Started RealworldApplication in 2.426 seconds (JVM running for 2.724)
